---------------------------------------------------------------
[ 2024-07-31T16:02:18+08:00 ] 127.0.0.1 POST www.wzyer-daohe.net/index/index/sessionlife.html
[运行时间：0.430609s] [吞吐率：2.32req/s] [内存消耗：2,084.00kb] [文件加载：55]
[ info ] [ LANG ] D:\MY-workspace\wzyer-daohe\output\web\thinkphp\lang\zh-cn.php
[ info ] [ ROUTE ] array (
  'type' => 'module',
  'module' => 
  array (
    0 => 'index',
    1 => 'index',
    2 => 'sessionlife',
  ),
)
[ info ] [ HEADER ] array (
  'host' => 'www.wzyer-daohe.net',
  'connection' => 'keep-alive',
  'content-length' => '0',
  'accept' => 'application/json, text/javascript, */*; q=0.01',
  'user-agent' => 'Mozilla/5.0 (Windows NT 10.0; Win64; x64) AppleWebKit/537.36 (KHTML, like Gecko) Chrome/127.0.0.0 Safari/537.36 Edg/127.0.0.0',
  'x-requested-with' => 'XMLHttpRequest',
  'origin' => 'http://www.wzyer-daohe.net',
  'referer' => 'http://www.wzyer-daohe.net/index/index/index.html',
  'accept-encoding' => 'gzip, deflate',
  'accept-language' => 'en-US,en;q=0.9,zh-CN;q=0.8,zh;q=0.7',
  'cookie' => 'PHPSESSID=ggav9bh18oi7eoih860n6623pk; login_username=YWRtaW4%3D; login_password=MTIzNDU2; login_save_password=1',
)
[ info ] [ PARAM ] array (
)
[ info ] [ SESSION ] INIT array (
  'id' => '',
  'var_session_id' => '',
  'prefix' => 'think',
  'type' => '',
  'auto_start' => true,
)
[ info ] [ RUN ] app\index\controller\Index->sessionLife[ D:\MY-workspace\wzyer-daohe\output\web\application\index\controller\Index.php ]
[ info ] [ LOG ] INIT File
